#
# A fatal error has been detected by the Java Runtime Environment:
#
#  EXCEPTION_ACCESS_VIOLATION (0xc0000005) at pc=0x00007ff993dc02ae, pid=20216, tid=9712
#
# JRE version: Java(TM) SE Runtime Environment (15.0.1+9) (build 15.0.1+9-18)
# Java VM: Java HotSpot(TM) 64-Bit Server VM (15.0.1+9-18, mixed mode, sharing, tiered, compressed oops, g1 gc, windows-amd64)
# Problematic frame:
# C  [awt.dll+0x902ae]
#
# No core dump will be written. Minidumps are not enabled by default on client versions of Windows
#
# If you would like to submit a bug report, please visit:
#   https://bugreport.java.com/bugreport/crash.jsp
# The crash happened outside the Java Virtual Machine in native code.
# See problematic frame for where to report the bug.
#

---------------  S U M M A R Y ------------

Command Line: -javaagent:E:\eclipse\eclipse\configuration\org.eclipse.osgi\479\0\.cp\jacocoagent.jar=includes=*,excludes=,exclclassloader=sun.reflect.DelegatingClassLoader,output=tcpclient,port=53876 -Dfile.encoding=UTF-8 antlr.debug.misc.ASTFrame

Host: AMD Ryzen 5 PRO 4650G with Radeon Graphics, 12 cores, 15G,  Windows 10 , 64 bit Build 19041 (10.0.19041.1023)
Time: Tue Jun 22 14:21:43 2021 東京 (標準時) elapsed time: 0.697915 seconds (0d 0h 0m 0s)

---------------  T H R E A D  ---------------

Current thread (0x000002073a11f700):  JavaThread "main" [_thread_in_native, id=9712, stack(0x0000002ea7e00000,0x0000002ea7f00000)]

Stack: [0x0000002ea7e00000,0x0000002ea7f00000],  sp=0x0000002ea7efee00,  free space=1019k
Native frames: (J=compiled Java code, j=interpreted, Vv=VM code, C=native code)
C  [awt.dll+0x902ae]

Java frames: (J=compiled Java code, j=interpreted, Vv=VM code)
j  sun.awt.windows.WComponentPeer._setFont(Ljava/awt/Font;)V+0 java.desktop@15.0.1
j  sun.awt.windows.WComponentPeer.setFont(Ljava/awt/Font;)V+7 java.desktop@15.0.1
j  sun.awt.windows.WWindowPeer.initialize()V+42 java.desktop@15.0.1
j  sun.awt.windows.WFramePeer.initialize()V+1 java.desktop@15.0.1
j  sun.awt.windows.WComponentPeer.<init>(Ljava/awt/Component;)V+83 java.desktop@15.0.1
j  sun.awt.windows.WCanvasPeer.<init>(Ljava/awt/Component;)V+2 java.desktop@15.0.1
j  sun.awt.windows.WPanelPeer.<init>(Ljava/awt/Component;)V+2 java.desktop@15.0.1
j  sun.awt.windows.WWindowPeer.<init>(Ljava/awt/Window;)V+2 java.desktop@15.0.1
j  sun.awt.windows.WFramePeer.<init>(Ljava/awt/Frame;)V+2 java.desktop@15.0.1
j  sun.awt.windows.WToolkit.createFrame(Ljava/awt/Frame;)Ljava/awt/peer/FramePeer;+5 java.desktop@15.0.1
j  java.awt.Frame.addNotify()V+20 java.desktop@15.0.1
j  java.awt.Window.show()V+8 java.desktop@15.0.1
j  java.awt.Component.show(Z)V+5 java.desktop@15.0.1
j  java.awt.Component.setVisible(Z)V+2 java.desktop@15.0.1
j  java.awt.Window.setVisible(Z)V+2 java.desktop@15.0.1
j  antlr.debug.misc.ASTFrame.main([Ljava/lang/String;)V+110
v  ~StubRoutines::call_stub

siginfo: EXCEPTION_ACCESS_VIOLATION (0xc0000005), reading address 0x0000000000000058


Register to memory mapping:

RIP=0x00007ff993dc02ae awt.dll
RAX=0x00007ff993e317f0 awt.dll
RBX=0x000002073a11fa28 points into unknown readable memory: 0x00007ff988b8de40 | 40 de b8 88 f9 7f 00 00
RCX=0x000002076405dc60 points into unknown readable memory: 0x00007ff993e317f0 | f0 17 e3 93 f9 7f 00 00
RDX=0x0 is NULL
RSP=0x0000002ea7efee00 is pointing into the stack for thread: 0x000002073a11f700
RBP=0x0 is NULL
RSI=0x00000207641373c8 is a global jni handle
RDI=0x00000207641373d0 is a global jni handle
R8 =0x0000000000000042 is an unknown value
R9 =0x0000000800bd94f8 is a pointer to class: 
java.awt.Font {0x0000000800bd9500}
R10=0x0000000000008000 is an unknown value
R11=0x0000002ea7efee00 is pointing into the stack for thread: 0x000002073a11f700
R12=0x0 is NULL
R13={method} {0x000002075db73248} '_setFont' '(Ljava/awt/Font;)V' in 'sun/awt/windows/WComponentPeer'
R14=0x000002076405dc60 points into unknown readable memory: 0x00007ff993e317f0 | f0 17 e3 93 f9 7f 00 00
R15=0x000002076412bae0 points into unknown readable memory: 0x00000207641373c8 | c8 73 13 64 07 02 00 00


Registers:
RAX=0x00007ff993e317f0, RBX=0x000002073a11fa28, RCX=0x000002076405dc60, RDX=0x0000000000000000
RSP=0x0000002ea7efee00, RBP=0x0000000000000000, RSI=0x00000207641373c8, RDI=0x00000207641373d0
R8 =0x0000000000000042, R9 =0x0000000800bd94f8, R10=0x0000000000008000, R11=0x0000002ea7efee00
R12=0x0000000000000000, R13=0x000002075db73240, R14=0x000002076405dc60, R15=0x000002076412bae0
RIP=0x00007ff993dc02ae, EFLAGS=0x0000000000010206

Top of Stack: (sp=0x0000002ea7efee00)
0x0000002ea7efee00:   000002076412bae0 000002076405dc60
0x0000002ea7efee10:   000002076405dc60 00000207641373d0
0x0000002ea7efee20:   00000207641373d0 00007ff993dc5175
0x0000002ea7efee30:   000002073a11fa28 000002073a11fa28
0x0000002ea7efee40:   0000000000000000 00000207641373c8
0x0000002ea7efee50:   000002073a11f700 0000002ea7efef80
0x0000002ea7efee60:   000002076412bae0 00007ff993dfd191
0x0000002ea7efee70:   00007ff993e68ff8 0000002ea7efef58
0x0000002ea7efee80:   00007ff993dc5048 000002073a11f700
0x0000002ea7efee90:   00000207641373c8 00007ff993dc630e
0x0000002ea7efeea0:   00000207641373d0 0000002ea7efef78
0x0000002ea7efeeb0:   0000002ea7efef78 00007ff993e68ff8
0x0000002ea7efeec0:   000002074235a1aa 000002074235fd2c
0x0000002ea7efeed0:   000002075db73240 0000000000000001
0x0000002ea7efeee0:   000002075db73240 0000000000000001
0x0000002ea7efeef0:   3ff0000000000000 000002073a11f700 

Instructions: (pc=0x00007ff993dc02ae)
0x00007ff993dc01ae:   00 48 8b d9 e8 9d dc ff ff 48 8b f8 48 85 c0 75
0x00007ff993dc01be:   04 48 8b 7b 48 48 8b cf e8 3f 04 05 00 48 8b d8
0x00007ff993dc01ce:   48 85 c0 74 60 83 64 24 20 00 0f 57 c0 83 64 24
0x00007ff993dc01de:   34 00 b9 11 00 00 00 83 64 24 38 00 f3 0f 7f 44
0x00007ff993dc01ee:   24 24 ff 15 12 51 0a 00 4c 8d 44 24 40 ba 5c 00
0x00007ff993dc01fe:   00 00 48 8b c8 ff 15 b7 53 0a 00 83 f8 5c 75 0d
0x00007ff993dc020e:   48 8d 54 24 40 48 8b cb e8 9e 04 05 00 48 8d 54
0x00007ff993dc021e:   24 20 48 8b cb e8 b5 04 05 00 48 8b d3 48 8b cf
0x00007ff993dc022e:   e8 62 04 05 00 48 8b 8c 24 a0 00 00 00 48 33 cc
0x00007ff993dc023e:   e8 ad 11 05 00 48 8b 9c 24 c8 00 00 00 48 81 c4
0x00007ff993dc024e:   b0 00 00 00 5f c3 40 53 48 83 ec 20 48 8b d9 ff
0x00007ff993dc025e:   15 f5 58 0a 00 48 85 c0 75 0a 48 8b 4b 48 ff 15
0x00007ff993dc026e:   de 58 0a 00 48 83 c4 20 5b c3 4c 63 c2 48 8b 15
0x00007ff993dc027e:   c6 3c 0a 00 48 ff 25 6f 57 0a 00 cc cc cc 48 8b
0x00007ff993dc028e:   d1 48 8b 0d 9a 6c 0a 00 48 89 15 93 6c 0a 00 e9
0x00007ff993dc029e:   8a 51 04 00 cc cc 48 89 5c 24 08 57 48 83 ec 20
0x00007ff993dc02ae:   83 7a 58 00 48 8b da 48 8b f9 7d 08 48 8b ca e8
0x00007ff993dc02be:   f2 8b 01 00 4c 8b 43 48 45 33 c9 48 8b 4f 48 4d
0x00007ff993dc02ce:   8b 00 41 8d 51 30 ff 15 e6 59 0a 00 48 8b 4f 48
0x00007ff993dc02de:   33 d2 44 8d 42 01 48 8b 5c 24 30 48 83 c4 20 5f
0x00007ff993dc02ee:   48 ff 25 83 58 0a 00 cc cc cc 48 8b c4 48 89 58
0x00007ff993dc02fe:   08 48 89 68 10 48 89 70 18 48 89 78 20 41 56 48
0x00007ff993dc030e:   83 ec 20 4c 8b f2 48 8b f9 48 8b 0d da 8a 0a 00
0x00007ff993dc031e:   ba 02 00 01 00 41 8b e8 e8 c8 0f 05 00 48 8b 97
0x00007ff993dc032e:   c0 00 00 00 33 db 48 8b f0 48 85 d2 74 0d 4c 8b
0x00007ff993dc033e:   08 48 8b c8 41 ff 91 b0 00 00 00 4d 85 f6 74 14
0x00007ff993dc034e:   48 8b 06 49 8b d6 48 8b ce ff 90 a8 00 00 00 48
0x00007ff993dc035e:   8b d8 eb 05 bd 01 00 00 00 48 89 9f c0 00 00 00
0x00007ff993dc036e:   89 af c8 00 00 00 48 8b 5c 24 30 48 8b 6c 24 38
0x00007ff993dc037e:   48 8b 74 24 40 48 8b 7c 24 48 48 83 c4 20 41 5e
0x00007ff993dc038e:   c3 cc 48 89 5c 24 08 48 89 6c 24 10 48 89 74 24
0x00007ff993dc039e:   18 57 48 83 ec 20 33 db 48 8b f9 48 85 c9 75 09 


Stack slot to memory mapping:
stack at sp + 0 slots: 0x000002076412bae0 points into unknown readable memory: 0x00000207641373c8 | c8 73 13 64 07 02 00 00
stack at sp + 1 slots: 0x000002076405dc60 points into unknown readable memory: 0x00007ff993e317f0 | f0 17 e3 93 f9 7f 00 00
stack at sp + 2 slots: 0x000002076405dc60 points into unknown readable memory: 0x00007ff993e317f0 | f0 17 e3 93 f9 7f 00 00
stack at sp + 3 slots: 0x00000207641373d0 is a global jni handle
stack at sp + 4 slots: 0x00000207641373d0 is a global jni handle
stack at sp + 5 slots: 0x00007ff993dc5175 awt.dll
stack at sp + 6 slots: 0x000002073a11fa28 points into unknown readable memory: 0x00007ff988b8de40 | 40 de b8 88 f9 7f 00 00
stack at sp + 7 slots: 0x000002073a11fa28 points into unknown readable memory: 0x00007ff988b8de40 | 40 de b8 88 f9 7f 00 00


---------------  P R O C E S S  ---------------

Threads class SMR info:
_java_thread_list=0x0000020764107660, length=17, elements={
0x000002073a11f700, 0x000002075d7b82f0, 0x000002075d7b8cd0, 0x000002075dfe3960,
0x000002075dfe4220, 0x000002075dfe4ae0, 0x000002075dfe6790, 0x000002075dfea640,
0x000002075dff2f50, 0x000002075e0f7fa0, 0x000002075e688ee0, 0x000002075e7a31b0,
0x000002075e843040, 0x000002075e845fd0, 0x000002075e8466c0, 0x000002075e686f10,
0x000002076405d790
}

Java Threads: ( => current thread )
=>0x000002073a11f700 JavaThread "main" [_thread_in_native, id=9712, stack(0x0000002ea7e00000,0x0000002ea7f00000)]
  0x000002075d7b82f0 JavaThread "Reference Handler" daemon [_thread_blocked, id=9664, stack(0x0000002ea8500000,0x0000002ea8600000)]
  0x000002075d7b8cd0 JavaThread "Finalizer" daemon [_thread_blocked, id=15392, stack(0x0000002ea8600000,0x0000002ea8700000)]
  0x000002075dfe3960 JavaThread "Signal Dispatcher" daemon [_thread_blocked, id=11944, stack(0x0000002ea8700000,0x0000002ea8800000)]
  0x000002075dfe4220 JavaThread "Attach Listener" daemon [_thread_blocked, id=14216, stack(0x0000002ea8800000,0x0000002ea8900000)]
  0x000002075dfe4ae0 JavaThread "Service Thread" daemon [_thread_blocked, id=3236, stack(0x0000002ea8900000,0x0000002ea8a00000)]
  0x000002075dfe6790 JavaThread "C2 CompilerThread0" daemon [_thread_blocked, id=11368, stack(0x0000002ea8a00000,0x0000002ea8b00000)]
  0x000002075dfea640 JavaThread "C1 CompilerThread0" daemon [_thread_blocked, id=10672, stack(0x0000002ea8b00000,0x0000002ea8c00000)]
  0x000002075dff2f50 JavaThread "Sweeper thread" daemon [_thread_blocked, id=10984, stack(0x0000002ea8c00000,0x0000002ea8d00000)]
  0x000002075e0f7fa0 JavaThread "Common-Cleaner" daemon [_thread_blocked, id=14608, stack(0x0000002ea8d00000,0x0000002ea8e00000)]
  0x000002075e688ee0 JavaThread "org.jacoco.agent.rt.internal_1f1cc91.output.TcpClientOutput" daemon [_thread_in_native, id=16748, stack(0x0000002ea8f00000,0x0000002ea9000000)]
  0x000002075e7a31b0 JavaThread "Notification Thread" daemon [_thread_blocked, id=1328, stack(0x0000002ea9000000,0x0000002ea9100000)]
  0x000002075e843040 JavaThread "Java2D Disposer" daemon [_thread_blocked, id=11100, stack(0x0000002ea9200000,0x0000002ea9300000)]
  0x000002075e845fd0 JavaThread "AWT-Shutdown" [_thread_blocked, id=17300, stack(0x0000002ea9300000,0x0000002ea9400000)]
  0x000002075e8466c0 JavaThread "AWT-Windows" daemon [_thread_in_native, id=11976, stack(0x0000002ea9400000,0x0000002ea9500000)]
  0x000002075e686f10 JavaThread "Image Fetcher 0" daemon [_thread_blocked, id=19148, stack(0x0000002eaa200000,0x0000002eaa300000)]
  0x000002076405d790 JavaThread "AWT-EventQueue-0" [_thread_blocked, id=16380, stack(0x0000002eaa300000,0x0000002eaa400000)]

Other Threads:
  0x000002075dfc99e0 VMThread "VM Thread" [stack: 0x0000002ea8400000,0x0000002ea8500000] [id=18940]
  0x000002075e795ac0 WatcherThread [stack: 0x0000002ea9100000,0x0000002ea9200000] [id=940]
  0x000002073a16e170 GCTaskThread "GC Thread#0" [stack: 0x0000002ea7f00000,0x0000002ea8000000] [id=13688]
  0x000002075e648310 GCTaskThread "GC Thread#1" [stack: 0x0000002ea8e00000,0x0000002ea8f00000] [id=15344]
  0x000002075e649fc0 GCTaskThread "GC Thread#2" [stack: 0x0000002ea9f00000,0x0000002eaa000000] [id=15840]
  0x000002075e648640 GCTaskThread "GC Thread#3" [stack: 0x0000002eaa000000,0x0000002eaa100000] [id=15184]
  0x000002075e648fd0 GCTaskThread "GC Thread#4" [stack: 0x0000002eaa100000,0x0000002eaa200000] [id=20008]
  0x000002073a17f9e0 ConcurrentGCThread "G1 Main Marker" [stack: 0x0000002ea8000000,0x0000002ea8100000] [id=20296]
  0x000002073a180d00 ConcurrentGCThread "G1 Conc#0" [stack: 0x0000002ea8100000,0x0000002ea8200000] [id=11300]
  0x000002073a1e1330 ConcurrentGCThread "G1 Refine#0" [stack: 0x0000002ea8200000,0x0000002ea8300000] [id=15088]
  0x000002073a1e1c00 ConcurrentGCThread "G1 Young RemSet Sampling" [stack: 0x0000002ea8300000,0x0000002ea8400000] [id=19072]

Threads with active compile tasks:

VM state: not at safepoint (normal execution)

VM Mutex/Monitor currently owned by a thread: None

Heap address: 0x0000000709800000, size: 3944 MB, Compressed Oops mode: Zero based, Oop shift amount: 3
CDS archive(s) mapped at: [0x0000000800000000-0x0000000800b50000-0x0000000800b50000), size 11862016, SharedBaseAddress: 0x0000000800000000, ArchiveRelocationMode: 0.
Compressed class space mapped at: 0x0000000800b50000-0x0000000840b50000, size: 1073741824
Narrow klass base: 0x0000000800000000, Narrow klass shift: 3, Narrow klass range: 0x100000000

GC Precious Log:
 CPUs: 12 total, 12 available
 Memory: 15770M
 Large Page Support: Disabled
 NUMA Support: Disabled
 Compressed Oops: Enabled (Zero based)
 Heap Region Size: 2M
 Heap Min Capacity: 8M
 Heap Initial Capacity: 248M
 Heap Max Capacity: 3944M
 Pre-touch: Disabled
 Parallel Workers: 10
 Concurrent Workers: 3
 Concurrent Refinement Workers: 10
 Periodic GC: Disabled

Heap:
 garbage-first heap   total 253952K, used 12431K [0x0000000709800000, 0x0000000800000000)
  region size 2048K, 6 young (12288K), 2 survivors (4096K)
 Metaspace       used 11007K, capacity 11156K, committed 11264K, reserved 1058816K
  class space    used 1213K, capacity 1261K, committed 1280K, reserved 1048576K

Heap Regions: E=young(eden), S=young(survivor), O=old, HS=humongous(starts), HC=humongous(continues), CS=collection set, F=free, OA=open archive, CA=closed archive, TAMS=top-at-mark-start (previous, next)
|   0|0x0000000709800000, 0x0000000709a00000, 0x0000000709a00000|100%| O|  |TAMS 0x0000000709800000, 0x0000000709800000| Untracked 
|   1|0x0000000709a00000, 0x0000000709a23e00, 0x0000000709c00000|  7%| O|  |TAMS 0x0000000709a00000, 0x0000000709a00000| Untracked 
|   2|0x0000000709c00000, 0x0000000709c00000, 0x0000000709e00000|  0%| F|  |TAMS 0x0000000709c00000, 0x0000000709c00000| Untracked 
|   3|0x0000000709e00000, 0x0000000709e00000, 0x000000070a000000|  0%| F|  |TAMS 0x0000000709e00000, 0x0000000709e00000| Untracked 
|   4|0x000000070a000000, 0x000000070a000000, 0x000000070a200000|  0%| F|  |TAMS 0x000000070a000000, 0x000000070a000000| Untracked 
|   5|0x000000070a200000, 0x000000070a200000, 0x000000070a400000|  0%| F|  |TAMS 0x000000070a200000, 0x000000070a200000| Untracked 
|   6|0x000000070a400000, 0x000000070a400000, 0x000000070a600000|  0%| F|  |TAMS 0x000000070a400000, 0x000000070a400000| Untracked 
|   7|0x000000070a600000, 0x000000070a600000, 0x000000070a800000|  0%| F|  |TAMS 0x000000070a600000, 0x000000070a600000| Untracked 
|   8|0x000000070a800000, 0x000000070a800000, 0x000000070aa00000|  0%| F|  |TAMS 0x000000070a800000, 0x000000070a800000| Untracked 
|   9|0x000000070aa00000, 0x000000070aa00000, 0x000000070ac00000|  0%| F|  |TAMS 0x000000070aa00000, 0x000000070aa00000| Untracked 
|  10|0x000000070ac00000, 0x000000070ac00000, 0x000000070ae00000|  0%| F|  |TAMS 0x000000070ac00000, 0x000000070ac00000| Untracked 
|  11|0x000000070ae00000, 0x000000070ae00000, 0x000000070b000000|  0%| F|  |TAMS 0x000000070ae00000, 0x000000070ae00000| Untracked 
|  12|0x000000070b000000, 0x000000070b000000, 0x000000070b200000|  0%| F|  |TAMS 0x000000070b000000, 0x000000070b000000| Untracked 
|  13|0x000000070b200000, 0x000000070b200000, 0x000000070b400000|  0%| F|  |TAMS 0x000000070b200000, 0x000000070b200000| Untracked 
|  14|0x000000070b400000, 0x000000070b400000, 0x000000070b600000|  0%| F|  |TAMS 0x000000070b400000, 0x000000070b400000| Untracked 
|  15|0x000000070b600000, 0x000000070b600000, 0x000000070b800000|  0%| F|  |TAMS 0x000000070b600000, 0x000000070b600000| Untracked 
|  16|0x000000070b800000, 0x000000070b800000, 0x000000070ba00000|  0%| F|  |TAMS 0x000000070b800000, 0x000000070b800000| Untracked 
|  17|0x000000070ba00000, 0x000000070ba00000, 0x000000070bc00000|  0%| F|  |TAMS 0x000000070ba00000, 0x000000070ba00000| Untracked 
|  18|0x000000070bc00000, 0x000000070bc00000, 0x000000070be00000|  0%| F|  |TAMS 0x000000070bc00000, 0x000000070bc00000| Untracked 
|  19|0x000000070be00000, 0x000000070be00000, 0x000000070c000000|  0%| F|  |TAMS 0x000000070be00000, 0x000000070be00000| Untracked 
|  20|0x000000070c000000, 0x000000070c000000, 0x000000070c200000|  0%| F|  |TAMS 0x000000070c000000, 0x000000070c000000| Untracked 
|  21|0x000000070c200000, 0x000000070c200000, 0x000000070c400000|  0%| F|  |TAMS 0x000000070c200000, 0x000000070c200000| Untracked 
|  22|0x000000070c400000, 0x000000070c400000, 0x000000070c600000|  0%| F|  |TAMS 0x000000070c400000, 0x000000070c400000| Untracked 
|  23|0x000000070c600000, 0x000000070c600000, 0x000000070c800000|  0%| F|  |TAMS 0x000000070c600000, 0x000000070c600000| Untracked 
|  24|0x000000070c800000, 0x000000070c800000, 0x000000070ca00000|  0%| F|  |TAMS 0x000000070c800000, 0x000000070c800000| Untracked 
|  25|0x000000070ca00000, 0x000000070ca00000, 0x000000070cc00000|  0%| F|  |TAMS 0x000000070ca00000, 0x000000070ca00000| Untracked 
|  26|0x000000070cc00000, 0x000000070cc00000, 0x000000070ce00000|  0%| F|  |TAMS 0x000000070cc00000, 0x000000070cc00000| Untracked 
|  27|0x000000070ce00000, 0x000000070ce00000, 0x000000070d000000|  0%| F|  |TAMS 0x000000070ce00000, 0x000000070ce00000| Untracked 
|  28|0x000000070d000000, 0x000000070d000000, 0x000000070d200000|  0%| F|  |TAMS 0x000000070d000000, 0x000000070d000000| Untracked 
|  29|0x000000070d200000, 0x000000070d200000, 0x000000070d400000|  0%| F|  |TAMS 0x000000070d200000, 0x000000070d200000| Untracked 
|  30|0x000000070d400000, 0x000000070d400000, 0x000000070d600000|  0%| F|  |TAMS 0x000000070d400000, 0x000000070d400000| Untracked 
|  31|0x000000070d600000, 0x000000070d600000, 0x000000070d800000|  0%| F|  |TAMS 0x000000070d600000, 0x000000070d600000| Untracked 
|  32|0x000000070d800000, 0x000000070d800000, 0x000000070da00000|  0%| F|  |TAMS 0x000000070d800000, 0x000000070d800000| Untracked 
|  33|0x000000070da00000, 0x000000070da00000, 0x000000070dc00000|  0%| F|  |TAMS 0x000000070da00000, 0x000000070da00000| Untracked 
|  34|0x000000070dc00000, 0x000000070dc00000, 0x000000070de00000|  0%| F|  |TAMS 0x000000070dc00000, 0x000000070dc00000| Untracked 
|  35|0x000000070de00000, 0x000000070de00000, 0x000000070e000000|  0%| F|  |TAMS 0x000000070de00000, 0x000000070de00000| Untracked 
|  36|0x000000070e000000, 0x000000070e000000, 0x000000070e200000|  0%| F|  |TAMS 0x000000070e000000, 0x000000070e000000| Untracked 
|  37|0x000000070e200000, 0x000000070e200000, 0x000000070e400000|  0%| F|  |TAMS 0x000000070e200000, 0x000000070e200000| Untracked 
|  38|0x000000070e400000, 0x000000070e400000, 0x000000070e600000|  0%| F|  |TAMS 0x000000070e400000, 0x000000070e400000| Untracked 
|  39|0x000000070e600000, 0x000000070e600000, 0x000000070e800000|  0%| F|  |TAMS 0x000000070e600000, 0x000000070e600000| Untracked 
|  40|0x000000070e800000, 0x000000070e800000, 0x000000070ea00000|  0%| F|  |TAMS 0x000000070e800000, 0x000000070e800000| Untracked 
|  41|0x000000070ea00000, 0x000000070ea00000, 0x000000070ec00000|  0%| F|  |TAMS 0x000000070ea00000, 0x000000070ea00000| Untracked 
|  42|0x000000070ec00000, 0x000000070ec00000, 0x000000070ee00000|  0%| F|  |TAMS 0x000000070ec00000, 0x000000070ec00000| Untracked 
|  43|0x000000070ee00000, 0x000000070ee00000, 0x000000070f000000|  0%| F|  |TAMS 0x000000070ee00000, 0x000000070ee00000| Untracked 
|  44|0x000000070f000000, 0x000000070f000000, 0x000000070f200000|  0%| F|  |TAMS 0x000000070f000000, 0x000000070f000000| Untracked 
|  45|0x000000070f200000, 0x000000070f200000, 0x000000070f400000|  0%| F|  |TAMS 0x000000070f200000, 0x000000070f200000| Untracked 
|  46|0x000000070f400000, 0x000000070f400000, 0x000000070f600000|  0%| F|  |TAMS 0x000000070f400000, 0x000000070f400000| Untracked 
|  47|0x000000070f600000, 0x000000070f600000, 0x000000070f800000|  0%| F|  |TAMS 0x000000070f600000, 0x000000070f600000| Untracked 
|  48|0x000000070f800000, 0x000000070f800000, 0x000000070fa00000|  0%| F|  |TAMS 0x000000070f800000, 0x000000070f800000| Untracked 
|  49|0x000000070fa00000, 0x000000070fa00000, 0x000000070fc00000|  0%| F|  |TAMS 0x000000070fa00000, 0x000000070fa00000| Untracked 
|  50|0x000000070fc00000, 0x000000070fc00000, 0x000000070fe00000|  0%| F|  |TAMS 0x000000070fc00000, 0x000000070fc00000| Untracked 
|  51|0x000000070fe00000, 0x000000070fe00000, 0x0000000710000000|  0%| F|  |TAMS 0x000000070fe00000, 0x000000070fe00000| Untracked 
|  52|0x0000000710000000, 0x0000000710000000, 0x0000000710200000|  0%| F|  |TAMS 0x0000000710000000, 0x0000000710000000| Untracked 
|  53|0x0000000710200000, 0x0000000710200000, 0x0000000710400000|  0%| F|  |TAMS 0x0000000710200000, 0x0000000710200000| Untracked 
|  54|0x0000000710400000, 0x0000000710400000, 0x0000000710600000|  0%| F|  |TAMS 0x0000000710400000, 0x0000000710400000| Untracked 
|  55|0x0000000710600000, 0x0000000710600000, 0x0000000710800000|  0%| F|  |TAMS 0x0000000710600000, 0x0000000710600000| Untracked 
|  56|0x0000000710800000, 0x0000000710800000, 0x0000000710a00000|  0%| F|  |TAMS 0x0000000710800000, 0x0000000710800000| Untracked 
|  57|0x0000000710a00000, 0x0000000710a00000, 0x0000000710c00000|  0%| F|  |TAMS 0x0000000710a00000, 0x0000000710a00000| Untracked 
|  58|0x0000000710c00000, 0x0000000710c00000, 0x0000000710e00000|  0%| F|  |TAMS 0x0000000710c00000, 0x0000000710c00000| Untracked 
|  59|0x0000000710e00000, 0x0000000710e00000, 0x0000000711000000|  0%| F|  |TAMS 0x0000000710e00000, 0x0000000710e00000| Untracked 
|  60|0x0000000711000000, 0x0000000711000000, 0x0000000711200000|  0%| F|  |TAMS 0x0000000711000000, 0x0000000711000000| Untracked 
|  61|0x0000000711200000, 0x0000000711200000, 0x0000000711400000|  0%| F|  |TAMS 0x0000000711200000, 0x0000000711200000| Untracked 
|  62|0x0000000711400000, 0x0000000711400000, 0x0000000711600000|  0%| F|  |TAMS 0x0000000711400000, 0x0000000711400000| Untracked 
|  63|0x0000000711600000, 0x0000000711600000, 0x0000000711800000|  0%| F|  |TAMS 0x0000000711600000, 0x0000000711600000| Untracked 
|  64|0x0000000711800000, 0x0000000711800000, 0x0000000711a00000|  0%| F|  |TAMS 0x0000000711800000, 0x0000000711800000| Untracked 
|  65|0x0000000711a00000, 0x0000000711a00000, 0x0000000711c00000|  0%| F|  |TAMS 0x0000000711a00000, 0x0000000711a00000| Untracked 
|  66|0x0000000711c00000, 0x0000000711c00000, 0x0000000711e00000|  0%| F|  |TAMS 0x0000000711c00000, 0x0000000711c00000| Untracked 
|  67|0x0000000711e00000, 0x0000000711e00000, 0x0000000712000000|  0%| F|  |TAMS 0x0000000711e00000, 0x0000000711e00000| Untracked 
|  68|0x0000000712000000, 0x0000000712000000, 0x0000000712200000|  0%| F|  |TAMS 0x0000000712000000, 0x0000000712000000| Untracked 
|  69|0x0000000712200000, 0x0000000712200000, 0x0000000712400000|  0%| F|  |TAMS 0x0000000712200000, 0x0000000712200000| Untracked 
|  70|0x0000000712400000, 0x0000000712400000, 0x0000000712600000|  0%| F|  |TAMS 0x0000000712400000, 0x0000000712400000| Untracked 
|  71|0x0000000712600000, 0x0000000712600000, 0x0000000712800000|  0%| F|  |TAMS 0x0000000712600000, 0x0000000712600000| Untracked 
|  72|0x0000000712800000, 0x0000000712800000, 0x0000000712a00000|  0%| F|  |TAMS 0x0000000712800000, 0x0000000712800000| Untracked 
|  73|0x0000000712a00000, 0x0000000712a00000, 0x0000000712c00000|  0%| F|  |TAMS 0x0000000712a00000, 0x0000000712a00000| Untracked 
|  74|0x0000000712c00000, 0x0000000712c00000, 0x0000000712e00000|  0%| F|  |TAMS 0x0000000712c00000, 0x0000000712c00000| Untracked 
|  75|0x0000000712e00000, 0x0000000712e00000, 0x0000000713000000|  0%| F|  |TAMS 0x0000000712e00000, 0x0000000712e00000| Untracked 
|  76|0x0000000713000000, 0x0000000713000000, 0x0000000713200000|  0%| F|  |TAMS 0x0000000713000000, 0x0000000713000000| Untracked 
|  77|0x0000000713200000, 0x0000000713200000, 0x0000000713400000|  0%| F|  |TAMS 0x0000000713200000, 0x0000000713200000| Untracked 
|  78|0x0000000713400000, 0x0000000713400000, 0x0000000713600000|  0%| F|  |TAMS 0x0000000713400000, 0x0000000713400000| Untracked 
|  79|0x0000000713600000, 0x0000000713600000, 0x0000000713800000|  0%| F|  |TAMS 0x0000000713600000, 0x0000000713600000| Untracked 
|  80|0x0000000713800000, 0x0000000713800000, 0x0000000713a00000|  0%| F|  |TAMS 0x0000000713800000, 0x0000000713800000| Untracked 
|  81|0x0000000713a00000, 0x0000000713a00000, 0x0000000713c00000|  0%| F|  |TAMS 0x0000000713a00000, 0x0000000713a00000| Untracked 
|  82|0x0000000713c00000, 0x0000000713c00000, 0x0000000713e00000|  0%| F|  |TAMS 0x0000000713c00000, 0x0000000713c00000| Untracked 
|  83|0x0000000713e00000, 0x0000000713e00000, 0x0000000714000000|  0%| F|  |TAMS 0x0000000713e00000, 0x0000000713e00000| Untracked 
|  84|0x0000000714000000, 0x0000000714000000, 0x0000000714200000|  0%| F|  |TAMS 0x0000000714000000, 0x0000000714000000| Untracked 
|  85|0x0000000714200000, 0x0000000714200000, 0x0000000714400000|  0%| F|  |TAMS 0x0000000714200000, 0x0000000714200000| Untracked 
|  86|0x0000000714400000, 0x0000000714400000, 0x0000000714600000|  0%| F|  |TAMS 0x0000000714400000, 0x0000000714400000| Untracked 
|  87|0x0000000714600000, 0x0000000714600000, 0x0000000714800000|  0%| F|  |TAMS 0x0000000714600000, 0x0000000714600000| Untracked 
|  88|0x0000000714800000, 0x0000000714800000, 0x0000000714a00000|  0%| F|  |TAMS 0x0000000714800000, 0x0000000714800000| Untracked 
|  89|0x0000000714a00000, 0x0000000714a00000, 0x0000000714c00000|  0%| F|  |TAMS 0x0000000714a00000, 0x0000000714a00000| Untracked 
|  90|0x0000000714c00000, 0x0000000714c00000, 0x0000000714e00000|  0%| F|  |TAMS 0x0000000714c00000, 0x0000000714c00000| Untracked 
|  91|0x0000000714e00000, 0x0000000714e00000, 0x0000000715000000|  0%| F|  |TAMS 0x0000000714e00000, 0x0000000714e00000| Untracked 
|  92|0x0000000715000000, 0x0000000715000000, 0x0000000715200000|  0%| F|  |TAMS 0x0000000715000000, 0x0000000715000000| Untracked 
|  93|0x0000000715200000, 0x0000000715200000, 0x0000000715400000|  0%| F|  |TAMS 0x0000000715200000, 0x0000000715200000| Untracked 
|  94|0x0000000715400000, 0x0000000715400000, 0x0000000715600000|  0%| F|  |TAMS 0x0000000715400000, 0x0000000715400000| Untracked 
|  95|0x0000000715600000, 0x0000000715600000, 0x0000000715800000|  0%| F|  |TAMS 0x0000000715600000, 0x0000000715600000| Untracked 
|  96|0x0000000715800000, 0x0000000715800000, 0x0000000715a00000|  0%| F|  |TAMS 0x0000000715800000, 0x0000000715800000| Untracked 
|  97|0x0000000715a00000, 0x0000000715a00000, 0x0000000715c00000|  0%| F|  |TAMS 0x0000000715a00000, 0x0000000715a00000| Untracked 
|  98|0x0000000715c00000, 0x0000000715c00000, 0x0000000715e00000|  0%| F|  |TAMS 0x0000000715c00000, 0x0000000715c00000| Untracked 
|  99|0x0000000715e00000, 0x0000000715e00000, 0x0000000716000000|  0%| F|  |TAMS 0x0000000715e00000, 0x0000000715e00000| Untracked 
| 100|0x0000000716000000, 0x0000000716000000, 0x0000000716200000|  0%| F|  |TAMS 0x0000000716000000, 0x0000000716000000| Untracked 
| 101|0x0000000716200000, 0x0000000716200000, 0x0000000716400000|  0%| F|  |TAMS 0x0000000716200000, 0x0000000716200000| Untracked 
| 102|0x0000000716400000, 0x0000000716400000, 0x0000000716600000|  0%| F|  |TAMS 0x0000000716400000, 0x0000000716400000| Untracked 
| 103|0x0000000716600000, 0x0000000716600000, 0x0000000716800000|  0%| F|  |TAMS 0x0000000716600000, 0x0000000716600000| Untracked 
| 104|0x0000000716800000, 0x0000000716800000, 0x0000000716a00000|  0%| F|  |TAMS 0x0000000716800000, 0x0000000716800000| Untracked 
| 105|0x0000000716a00000, 0x0000000716a00000, 0x0000000716c00000|  0%| F|  |TAMS 0x0000000716a00000, 0x0000000716a00000| Untracked 
| 106|0x0000000716c00000, 0x0000000716c00000, 0x0000000716e00000|  0%| F|  |TAMS 0x0000000716c00000, 0x0000000716c00000| Untracked 
| 107|0x0000000716e00000, 0x0000000716e00000, 0x0000000717000000|  0%| F|  |TAMS 0x0000000716e00000, 0x0000000716e00000| Untracked 
| 108|0x0000000717000000, 0x0000000717000000, 0x0000000717200000|  0%| F|  |TAMS 0x0000000717000000, 0x0000000717000000| Untracked 
| 109|0x0000000717200000, 0x0000000717200000, 0x0000000717400000|  0%| F|  |TAMS 0x0000000717200000, 0x0000000717200000| Untracked 
| 110|0x0000000717400000, 0x0000000717400000, 0x0000000717600000|  0%| F|  |TAMS 0x0000000717400000, 0x0000000717400000| Untracked 
| 111|0x0000000717600000, 0x0000000717800000, 0x0000000717800000|100%| S|CS|TAMS 0x0000000717600000, 0x0000000717600000| Complete 
| 112|0x0000000717800000, 0x0000000717a00000, 0x0000000717a00000|100%| S|CS|TAMS 0x0000000717800000, 0x0000000717800000| Complete 
| 113|0x0000000717a00000, 0x0000000717a00000, 0x0000000717c00000|  0%| F|  |TAMS 0x0000000717a00000, 0x0000000717a00000| Untracked 
| 114|0x0000000717c00000, 0x0000000717c00000, 0x0000000717e00000|  0%| F|  |TAMS 0x0000000717c00000, 0x0000000717c00000| Untracked 
| 115|0x0000000717e00000, 0x0000000717e00000, 0x0000000718000000|  0%| F|  |TAMS 0x0000000717e00000, 0x0000000717e00000| Untracked 
| 116|0x0000000718000000, 0x0000000718000000, 0x0000000718200000|  0%| F|  |TAMS 0x0000000718000000, 0x0000000718000000| Untracked 
| 117|0x0000000718200000, 0x0000000718200000, 0x0000000718400000|  0%| F|  |TAMS 0x0000000718200000, 0x0000000718200000| Untracked 
| 118|0x0000000718400000, 0x0000000718400000, 0x0000000718600000|  0%| F|  |TAMS 0x0000000718400000, 0x0000000718400000| Untracked 
| 119|0x0000000718600000, 0x0000000718600000, 0x0000000718800000|  0%| F|  |TAMS 0x0000000718600000, 0x0000000718600000| Untracked 
| 120|0x0000000718800000, 0x00000007188776e0, 0x0000000718a00000| 23%| E|  |TAMS 0x0000000718800000, 0x0000000718800000| Complete 
| 121|0x0000000718a00000, 0x0000000718c00000, 0x0000000718c00000|100%| E|CS|TAMS 0x0000000718a00000, 0x0000000718a00000| Complete 
| 122|0x0000000718c00000, 0x0000000718e00000, 0x0000000718e00000|100%| E|CS|TAMS 0x0000000718c00000, 0x0000000718c00000| Complete 
| 123|0x0000000718e00000, 0x0000000719000000, 0x0000000719000000|100%| E|CS|TAMS 0x0000000718e00000, 0x0000000718e00000| Complete 

Card table byte_map: [0x0000020752060000,0x0000020752820000] _byte_map_base: 0x000002074e814000

Marking Bits (Prev, Next): (CMBitMap*) 0x000002073a16f900, (CMBitMap*) 0x000002073a16f940
 Prev Bits: [0x0000020752fe0000, 0x0000020756d80000)
 Next Bits: [0x0000020756d80000, 0x000002075ab20000)

Polling page: 0x0000020737f30000

Metaspace:

Usage:
  Non-class:      9.66 MB capacity,     9.56 MB ( 99%) used,    86.63 KB ( <1%) free+waste,    14.31 KB ( <1%) overhead. 
      Class:      1.23 MB capacity,     1.18 MB ( 96%) used,    41.78 KB (  3%) free+waste,     5.94 KB ( <1%) overhead. 
       Both:     10.89 MB capacity,    10.75 MB ( 99%) used,   128.41 KB (  1%) free+waste,    20.25 KB ( <1%) overhead. 

Virtual space:
  Non-class space:       10.00 MB reserved,       9.75 MB ( 98%) committed 
      Class space:        1.00 GB reserved,       1.25 MB ( <1%) committed 
             Both:        1.01 GB reserved,      11.00 MB (  1%) committed 

Chunk freelists:
   Non-Class:  25.00 KB
       Class:  19.00 KB
        Both:  44.00 KB

MaxMetaspaceSize: 17179869184.00 GB
CompressedClassSpaceSize: 1.00 GB

CodeHeap 'non-profiled nmethods': size=120000Kb used=414Kb max_used=414Kb free=119585Kb
 bounds [0x0000020749e20000, 0x000002074a090000, 0x0000020751350000]
CodeHeap 'profiled nmethods': size=120000Kb used=1818Kb max_used=1818Kb free=118181Kb
 bounds [0x00000207428f0000, 0x0000020742b60000, 0x0000020749e20000]
CodeHeap 'non-nmethods': size=5760Kb used=1281Kb max_used=1299Kb free=4478Kb
 bounds [0x0000020742350000, 0x00000207425c0000, 0x00000207428f0000]
 total_blobs=1795 nmethods=1224 adapters=484
 compilation: enabled
              stopped_count=0, restarted_count=0
 full_count=0

Compilation events (20 events):
Event: 0.692 Thread 0x000002075dfea640 nmethod 1211 0x0000020742ab1790 code [0x0000020742ab1940, 0x0000020742ab1bf8]
Event: 0.693 Thread 0x000002075dfea640 1212       3       java.util.ImmutableCollections$List12::size (16 bytes)
Event: 0.693 Thread 0x000002075dfe6790 1215       4       jdk.internal.org.objectweb.asm.SymbolTable::addConstantUtf8 (98 bytes)
Event: 0.693 Thread 0x000002075dfea640 nmethod 1212 0x0000020742ab1d10 code [0x0000020742ab1ea0, 0x0000020742ab2018]
Event: 0.693 Thread 0x000002075dfea640 1213       3       java.lang.invoke.LambdaForm::useCount (90 bytes)
Event: 0.693 Thread 0x000002075dfea640 nmethod 1213 0x0000020742ab2090 code [0x0000020742ab2260, 0x0000020742ab2618]
Event: 0.693 Thread 0x000002075dfea640 1214       3       java.lang.invoke.LambdaForm::lastUseIndex (76 bytes)
Event: 0.693 Thread 0x000002075dfea640 nmethod 1214 0x0000020742ab2810 code [0x0000020742ab29c0, 0x0000020742ab2ce8]
Event: 0.693 Thread 0x000002075dfea640 1216       3       java.lang.invoke.InvokerBytecodeGenerator::storeInsnOpcode (87 bytes)
Event: 0.693 Thread 0x000002075dfea640 nmethod 1216 0x0000020742ab2e90 code [0x0000020742ab30e0, 0x0000020742ab3a38]
Event: 0.693 Thread 0x000002075dfea640 1218       3       java.lang.invoke.LambdaForm$Name::internArguments (59 bytes)
Event: 0.694 Thread 0x000002075dfea640 nmethod 1218 0x0000020742ab3d90 code [0x0000020742ab3f80, 0x0000020742ab46a8]
Event: 0.694 Thread 0x000002075dfea640 1219       3       java.lang.invoke.MemberName::isMethod (8 bytes)
Event: 0.694 Thread 0x000002075dfea640 nmethod 1219 0x0000020742ab4890 code [0x0000020742ab4a40, 0x0000020742ab4c78]
Event: 0.694 Thread 0x000002075dfea640 1221       3       jdk.internal.org.objectweb.asm.MethodWriter::visitFieldInsn (258 bytes)
Event: 0.694 Thread 0x000002075dfea640 nmethod 1221 0x0000020742ab4d90 code [0x0000020742ab4fe0, 0x0000020742ab5b48]
Event: 0.694 Thread 0x000002075dfea640 1222       3       jdk.internal.org.objectweb.asm.SymbolTable::addConstantFieldref (10 bytes)
Event: 0.694 Thread 0x000002075dfea640 nmethod 1222 0x0000020742ab5f10 code [0x0000020742ab60c0, 0x0000020742ab6208]
Event: 0.694 Thread 0x000002075dfea640 1217       3       java.lang.invoke.LambdaFormBuffer::changeName (149 bytes)
Event: 0.694 Thread 0x000002075dfea640 nmethod 1217 0x0000020742ab6290 code [0x0000020742ab6460, 0x0000020742ab69c8]

GC Heap History (2 events):
Event: 0.497 GC heap before
{Heap before GC invocations=0 (full 0):
 garbage-first heap   total 253952K, used 20480K [0x0000000709800000, 0x0000000800000000)
  region size 2048K, 11 young (22528K), 0 survivors (0K)
 Metaspace       used 6898K, capacity 6997K, committed 7168K, reserved 1056768K
  class space    used 689K, capacity 729K, committed 768K, reserved 1048576K
}
Event: 0.501 GC heap after
{Heap after GC invocations=1 (full 0):
 garbage-first heap   total 253952K, used 6287K [0x0000000709800000, 0x0000000800000000)
  region size 2048K, 2 young (4096K), 2 survivors (4096K)
 Metaspace       used 6898K, capacity 6997K, committed 7168K, reserved 1056768K
  class space    used 689K, capacity 729K, committed 768K, reserved 1048576K
}

Deoptimization events (20 events):
Event: 0.658 Thread 0x000002073a11f700 Uncommon trap: trap_request=0xffffffc6 fr.pc=0x0000020749e7ba10 relative=0x00000000000002d0
Event: 0.658 Thread 0x000002073a11f700 Uncommon trap: reason=bimorphic_or_optimized_type_check action=maybe_recompile pc=0x0000020749e7ba10 method=java.util.HashMap.getNode(Ljava/lang/Object;)Ljava/util/HashMap$Node; @ 128 c2
Event: 0.658 Thread 0x000002073a11f700 DEOPT PACKING pc=0x0000020749e7ba10 sp=0x0000002ea7efe8b0
Event: 0.658 Thread 0x000002073a11f700 DEOPT UNPACKING pc=0x000002074239e42f sp=0x0000002ea7efe828 mode 2
Event: 0.658 Thread 0x000002073a11f700 Uncommon trap: trap_request=0xffffffc6 fr.pc=0x0000020749e7ba10 relative=0x00000000000002d0
Event: 0.658 Thread 0x000002073a11f700 Uncommon trap: reason=bimorphic_or_optimized_type_check action=maybe_recompile pc=0x0000020749e7ba10 method=java.util.HashMap.getNode(Ljava/lang/Object;)Ljava/util/HashMap$Node; @ 128 c2
Event: 0.658 Thread 0x000002073a11f700 DEOPT PACKING pc=0x0000020749e7ba10 sp=0x0000002ea7efe8b0
Event: 0.658 Thread 0x000002073a11f700 DEOPT UNPACKING pc=0x000002074239e42f sp=0x0000002ea7efe828 mode 2
Event: 0.658 Thread 0x000002073a11f700 Uncommon trap: trap_request=0xffffffc6 fr.pc=0x0000020749e7ba10 relative=0x00000000000002d0
Event: 0.658 Thread 0x000002073a11f700 Uncommon trap: reason=bimorphic_or_optimized_type_check action=maybe_recompile pc=0x0000020749e7ba10 method=java.util.HashMap.getNode(Ljava/lang/Object;)Ljava/util/HashMap$Node; @ 128 c2
Event: 0.658 Thread 0x000002073a11f700 DEOPT PACKING pc=0x0000020749e7ba10 sp=0x0000002ea7efe8b0
Event: 0.658 Thread 0x000002073a11f700 DEOPT UNPACKING pc=0x000002074239e42f sp=0x0000002ea7efe828 mode 2
Event: 0.667 Thread 0x000002075e8466c0 Uncommon trap: trap_request=0xffffffde fr.pc=0x0000020749e7ab8c relative=0x0000000000000b6c
Event: 0.667 Thread 0x000002075e8466c0 Uncommon trap: reason=class_check action=maybe_recompile pc=0x0000020749e7ab8c method=java.util.HashMap.putVal(ILjava/lang/Object;Ljava/lang/Object;ZZ)Ljava/lang/Object; @ 91 c2
Event: 0.667 Thread 0x000002075e8466c0 DEOPT PACKING pc=0x0000020749e7ab8c sp=0x0000002ea94fde10
Event: 0.667 Thread 0x000002075e8466c0 DEOPT UNPACKING pc=0x000002074239e42f sp=0x0000002ea94fdd48 mode 2
Event: 0.667 Thread 0x000002075e8466c0 Uncommon trap: trap_request=0xffffffde fr.pc=0x0000020749e7ab8c relative=0x0000000000000b6c
Event: 0.667 Thread 0x000002075e8466c0 Uncommon trap: reason=class_check action=maybe_recompile pc=0x0000020749e7ab8c method=java.util.HashMap.putVal(ILjava/lang/Object;Ljava/lang/Object;ZZ)Ljava/lang/Object; @ 91 c2
Event: 0.667 Thread 0x000002075e8466c0 DEOPT PACKING pc=0x0000020749e7ab8c sp=0x0000002ea94fde10
Event: 0.667 Thread 0x000002075e8466c0 DEOPT UNPACKING pc=0x000002074239e42f sp=0x0000002ea94fdd48 mode 2

Classes unloaded (0 events):
No events

Classes redefined (0 events):
No events

Internal exceptions (18 events):
Event: 0.152 Thread 0x000002073a11f700 Exception <a 'java/lang/NoSuchMethodError'{0x00000007182bfc08}: 'void java.lang.invoke.DirectMethodHandle$Holder.invokeStatic(java.lang.Object, java.lang.Object)'> (0x00000007182bfc08) 
thrown [./open/src/hotspot/share/interpreter/linkResolver.cpp, line 782]
Event: 0.152 Thread 0x000002073a11f700 Exception <a 'java/lang/NoSuchMethodError'{0x00000007182c38b0}: 'void java.lang.invoke.DirectMethodHandle$Holder.invokeStaticInit(java.lang.Object, java.lang.Object)'> (0x00000007182c38b0) 
thrown [./open/src/hotspot/share/interpreter/linkResolver.cpp, line 782]
Event: 0.241 Thread 0x000002073a11f700 Exception <a 'java/lang/NoSuchMethodError'{0x00000007180bbad0}: 'java.lang.Object java.lang.invoke.DirectMethodHandle$Holder.invokeStatic(java.lang.Object)'> (0x00000007180bbad0) 
thrown [./open/src/hotspot/share/interpreter/linkResolver.cpp, line 782]
Event: 0.241 Thread 0x000002073a11f700 Exception <a 'java/lang/NoSuchMethodError'{0x00000007180bf3e8}: 'java.lang.Object java.lang.invoke.DirectMethodHandle$Holder.invokeStaticInit(java.lang.Object)'> (0x00000007180bf3e8) 
thrown [./open/src/hotspot/share/interpreter/linkResolver.cpp, line 782]
Event: 0.255 Thread 0x000002073a11f700 Exception <a 'java/lang/NoSuchMethodError'{0x00000007181074e8}: 'void java.lang.invoke.DirectMethodHandle$Holder.invokeStatic(java.lang.Object, java.lang.Object, java.lang.Object)'> (0x00000007181074e8) 
thrown [./open/src/hotspot/share/interpreter/linkResolver.cpp, line 782]
Event: 0.255 Thread 0x000002073a11f700 Exception <a 'java/lang/NoSuchMethodError'{0x000000071810e040}: 'void java.lang.invoke.DirectMethodHandle$Holder.invokeStatic(java.lang.Object, java.lang.Object, java.lang.Object, java.lang.Object)'> (0x000000071810e040) 
thrown [./open/src/hotspot/share/interpreter/linkResolver.cpp, line 782]
Event: 0.330 Thread 0x000002073a11f700 Exception <a 'java/lang/NoSuchMethodError'{0x0000000717c7c2b8}: 'void java.lang.invoke.DirectMethodHandle$Holder.invokeSpecial(java.lang.Object, java.lang.Object, java.lang.Object)'> (0x0000000717c7c2b8) 
thrown [./open/src/hotspot/share/interpreter/linkResolver.cpp, line 782]
Event: 0.338 Thread 0x000002073a11f700 Exception <a 'java/lang/ClassNotFoundException'{0x0000000717cb74a8}: sun/awt/resources/spi/awtProvider> (0x0000000717cb74a8) 
thrown [./open/src/hotspot/share/classfile/systemDictionary.cpp, line 295]
Event: 0.372 Thread 0x000002073a11f700 Exception <a 'java/io/FileNotFoundException'{0x0000000717d16428}> (0x0000000717d16428) 
thrown [./open/src/hotspot/share/prims/jni.cpp, line 578]
Event: 0.376 Thread 0x000002073a11f700 Exception <a 'java/io/FileNotFoundException'{0x0000000717d46fb0}> (0x0000000717d46fb0) 
thrown [./open/src/hotspot/share/prims/jni.cpp, line 578]
Event: 0.511 Thread 0x000002073a11f700 Exception <a 'java/lang/NoSuchMethodError'{0x0000000718e672f8}: 'java.lang.Object java.lang.invoke.DirectMethodHandle$Holder.newInvokeSpecial(java.lang.Object, java.lang.Object, java.lang.Object, java.lang.Object, java.lang.Object)'> (0x0000000718e672f8) 
thrown [./open/src/hotspot/share/interpreter/linkResolver.cpp, line 782]
Event: 0.512 Thread 0x000002073a11f700 Exception <a 'java/lang/NoSuchMethodError'{0x0000000718e72d88}: 'java.lang.Object java.lang.invoke.DirectMethodHandle$Holder.invokeStatic(java.lang.Object, int, java.lang.Object, java.lang.Object, java.lang.Object, java.lang.Object)'> (0x0000000718e72d88) 
thrown [./open/src/hotspot/share/interpreter/linkResolver.cpp, line 782]
Event: 0.515 Thread 0x000002073a11f700 Exception <a 'java/lang/NoSuchMethodError'{0x0000000718ed7028}: 'java.lang.Object java.lang.invoke.DirectMethodHandle$Holder.invokeStatic(java.lang.Object, int, java.lang.Object)'> (0x0000000718ed7028) 
thrown [./open/src/hotspot/share/interpreter/linkResolver.cpp, line 782]
Event: 0.529 Thread 0x000002073a11f700 Exception <a 'java/lang/ClassNotFoundException'{0x0000000718fa21a0}: com/sun/swing/internal/plaf/metal/resources/spi/metalProvider> (0x0000000718fa21a0) 
thrown [./open/src/hotspot/share/classfile/systemDictionary.cpp, line 295]
Event: 0.530 Thread 0x000002073a11f700 Exception <a 'java/lang/ClassNotFoundException'{0x0000000718faa3e0}: com/sun/swing/internal/plaf/basic/resources/spi/basicProvider> (0x0000000718faa3e0) 
thrown [./open/src/hotspot/share/classfile/systemDictionary.cpp, line 295]
Event: 0.556 Thread 0x000002075e686f10 Exception <a 'java/lang/NoSuchMethodError'{0x0000000718c8a940}: 'java.lang.Object java.lang.invoke.DirectMethodHandle$Holder.newInvokeSpecial(java.lang.Object, java.lang.Object, java.lang.Object, int, int, int, int, int)'> (0x0000000718c8a940) 
thrown [./open/src/hotspot/share/interpreter/linkResolver.cpp, line 782]
Event: 0.616 Thread 0x000002073a11f700 Exception <a 'java/io/FileNotFoundException'{0x0000000718d93328}> (0x0000000718d93328) 
thrown [./open/src/hotspot/share/prims/jni.cpp, line 578]
Event: 0.688 Thread 0x000002073a11f700 Exception <a 'java/lang/NoSuchMethodError'{0x0000000718bd9a60}: 'void java.lang.invoke.DirectMethodHandle$Holder.invokeStaticInit(java.lang.Object)'> (0x0000000718bd9a60) 
thrown [./open/src/hotspot/share/interpreter/linkResolver.cpp, line 782]

Events (20 events):
Event: 0.689 loading class sun/awt/NativeLibLoader$1
Event: 0.689 loading class sun/awt/NativeLibLoader$1 done
Event: 0.690 loading class sun/awt/FontConfiguration$2
Event: 0.690 loading class sun/awt/FontConfiguration$2 done
Event: 0.690 loading class sun/awt/windows/WDefaultFontCharset
Event: 0.690 loading class sun/awt/AWTCharset
Event: 0.690 loading class sun/awt/AWTCharset done
Event: 0.690 loading class sun/awt/windows/WDefaultFontCharset done
Event: 0.691 loading class sun/awt/windows/WDefaultFontCharset$Encoder
Event: 0.691 loading class sun/awt/AWTCharset$Encoder
Event: 0.691 loading class sun/awt/AWTCharset$Encoder done
Event: 0.691 loading class sun/awt/windows/WDefaultFontCharset$Encoder done
Event: 0.691 loading class sun/awt/windows/WingDings
Event: 0.692 loading class sun/awt/windows/WingDings done
Event: 0.692 loading class sun/awt/windows/WingDings$Encoder
Event: 0.692 loading class sun/awt/windows/WingDings$Encoder done
Event: 0.692 loading class sun/awt/Symbol
Event: 0.692 loading class sun/awt/Symbol done
Event: 0.692 loading class sun/awt/Symbol$Encoder
Event: 0.692 loading class sun/awt/Symbol$Encoder done


Dynamic libraries:
0x00007ff71dbc0000 - 0x00007ff71dbcf000 	E:\appdown\java\jdk\bin\javaw.exe
0x00007ff9f1ad0000 - 0x00007ff9f1cc5000 	C:\Windows\SYSTEM32\ntdll.dll
0x00007ff9f0fa0000 - 0x00007ff9f105d000 	C:\Windows\System32\KERNEL32.DLL
0x00007ff9ef6b0000 - 0x00007ff9ef978000 	C:\Windows\System32\KERNELBASE.dll
0x00007ff9ef210000 - 0x00007ff9ef310000 	C:\Windows\System32\ucrtbase.dll
0x00007ff9cb530000 - 0x00007ff9cb549000 	E:\appdown\java\jdk\bin\VCRUNTIME140.dll
0x00007ff9cb550000 - 0x00007ff9cb568000 	E:\appdown\java\jdk\bin\jli.dll
0x00007ff9f16f0000 - 0x00007ff9f179c000 	C:\Windows\System32\ADVAPI32.dll
0x00007ff9f04e0000 - 0x00007ff9f057e000 	C:\Windows\System32\msvcrt.dll
0x00007ff9efb40000 - 0x00007ff9efbdb000 	C:\Windows\System32\sechost.dll
0x00007ff9f14e0000 - 0x00007ff9f160b000 	C:\Windows\System32\RPCRT4.dll
0x00007ff9f0d50000 - 0x00007ff9f0ef0000 	C:\Windows\System32\USER32.dll
0x00007ff9ef5d0000 - 0x00007ff9ef5f2000 	C:\Windows\System32\win32u.dll
0x00007ff9dd310000 - 0x00007ff9dd5aa000 	C:\Windows\WinSxS\amd64_microsoft.windows.common-controls_6595b64144ccf1df_6.0.19041.1052_none_60b8f8fd71f5e8cb\COMCTL32.dll
0x00007ff9f19b0000 - 0x00007ff9f19da000 	C:\Windows\System32\GDI32.dll
0x00007ff9ef310000 - 0x00007ff9ef41b000 	C:\Windows\System32\gdi32full.dll
0x00007ff9efa10000 - 0x00007ff9efaad000 	C:\Windows\System32\msvcp_win.dll
0x00007ff9e6600000 - 0x00007ff9e660a000 	C:\Windows\SYSTEM32\VERSION.dll
0x00007ff9f1150000 - 0x00007ff9f1180000 	C:\Windows\System32\IMM32.DLL
0x00007ff9d2700000 - 0x00007ff9d270c000 	E:\appdown\java\jdk\bin\vcruntime140_1.dll
0x00007ff999730000 - 0x00007ff9997c1000 	E:\appdown\java\jdk\bin\msvcp140.dll
0x00007ff988190000 - 0x00007ff988cee000 	E:\appdown\java\jdk\bin\server\jvm.dll
0x00007ff9f16e0000 - 0x00007ff9f16e8000 	C:\Windows\System32\PSAPI.DLL
0x00007ff9e6110000 - 0x00007ff9e6137000 	C:\Windows\SYSTEM32\WINMM.dll
0x00007ff9dfbb0000 - 0x00007ff9dfbb9000 	C:\Windows\SYSTEM32\WSOCK32.dll
0x00007ff9f1670000 - 0x00007ff9f16db000 	C:\Windows\System32\WS2_32.dll
0x00007ff9ed180000 - 0x00007ff9ed192000 	C:\Windows\SYSTEM32\kernel.appcore.dll
0x00007ff9d2330000 - 0x00007ff9d233a000 	E:\appdown\java\jdk\bin\jimage.dll
0x00007ff9e7e40000 - 0x00007ff9e8024000 	C:\Windows\SYSTEM32\DBGHELP.DLL
0x00007ff9dfc50000 - 0x00007ff9dfc7c000 	C:\Windows\SYSTEM32\dbgcore.DLL
0x00007ff9efab0000 - 0x00007ff9efb33000 	C:\Windows\System32\bcryptPrimitives.dll
0x00007ff9d2000000 - 0x00007ff9d200e000 	E:\appdown\java\jdk\bin\instrument.dll
0x00007ff9944e0000 - 0x00007ff994505000 	E:\appdown\java\jdk\bin\java.dll
0x00007ff9efda0000 - 0x00007ff9f04df000 	C:\Windows\System32\SHELL32.dll
0x00007ff9ed380000 - 0x00007ff9edb10000 	C:\Windows\SYSTEM32\windows.storage.dll
0x00007ff9f1180000 - 0x00007ff9f14d5000 	C:\Windows\System32\combase.dll
0x00007ff9eec10000 - 0x00007ff9eec3c000 	C:\Windows\SYSTEM32\Wldp.dll
0x00007ff9f0ef0000 - 0x00007ff9f0f9e000 	C:\Windows\System32\SHCORE.dll
0x00007ff9f1610000 - 0x00007ff9f1665000 	C:\Windows\System32\shlwapi.dll
0x00007ff9ef150000 - 0x00007ff9ef16f000 	C:\Windows\SYSTEM32\profapi.dll
0x00007ff99e9b0000 - 0x00007ff99e9c8000 	E:\appdown\java\jdk\bin\zip.dll
0x00007ff999710000 - 0x00007ff999729000 	E:\appdown\java\jdk\bin\net.dll
0x00007ff9e8b10000 - 0x00007ff9e8c1b000 	C:\Windows\SYSTEM32\WINHTTP.dll
0x00007ff9ee920000 - 0x00007ff9ee98a000 	C:\Windows\system32\mswsock.dll
0x00007ff999430000 - 0x00007ff999442000 	E:\appdown\java\jdk\bin\nio.dll
0x00007ff9e8cc0000 - 0x00007ff9e8cd0000 	E:\appdown\java\jdk\bin\verify.dll
0x00007ff9dc470000 - 0x00007ff9dc487000 	C:\Windows\system32\napinsp.dll
0x00007ff9dbf90000 - 0x00007ff9dbfab000 	C:\Windows\system32\pnrpnsp.dll
0x00007ff9e9f30000 - 0x00007ff9e9f45000 	C:\Windows\system32\wshbth.dll
0x00007ff9eace0000 - 0x00007ff9eacfd000 	C:\Windows\system32\NLAapi.dll
0x00007ff9ee610000 - 0x00007ff9ee64b000 	C:\Windows\SYSTEM32\IPHLPAPI.DLL
0x00007ff9ee650000 - 0x00007ff9ee71c000 	C:\Windows\SYSTEM32\DNSAPI.dll
0x00007ff9f0d40000 - 0x00007ff9f0d48000 	C:\Windows\System32\NSI.dll
0x00007ff9dbf70000 - 0x00007ff9dbf82000 	C:\Windows\System32\winrnr.dll
0x00000000728c0000 - 0x00000000728e6000 	C:\Program Files\Bonjour\mdnsNSP.dll
0x00007ff9e3230000 - 0x00007ff9e323a000 	C:\Windows\System32\rasadhlp.dll
0x00007ff9e3250000 - 0x00007ff9e32cf000 	C:\Windows\System32\fwpuclnt.dll
0x00007ff9ef980000 - 0x00007ff9ef9a7000 	C:\Windows\System32\bcrypt.dll
0x00007ff9e7b40000 - 0x00007ff9e7b57000 	C:\Windows\SYSTEM32\dhcpcsvc6.DLL
0x00007ff9e7b80000 - 0x00007ff9e7b9d000 	C:\Windows\SYSTEM32\dhcpcsvc.DLL
0x00007ff993d30000 - 0x00007ff993eb0000 	E:\appdown\java\jdk\bin\awt.dll
0x00007ff9f0c70000 - 0x00007ff9f0d3d000 	C:\Windows\System32\OLEAUT32.dll
0x00007ff9ec8c0000 - 0x00007ff9ec950000 	C:\Windows\SYSTEM32\apphelp.dll
0x00007ff9ece90000 - 0x00007ff9ecebf000 	C:\Windows\system32\DWMAPI.DLL
0x00007ff9eccc0000 - 0x00007ff9ecd5e000 	C:\Windows\system32\uxtheme.dll
0x00007ff9b9f40000 - 0x00007ff9ba066000 	C:\Windows\system32\opengl32.dll
0x00007ff9cae60000 - 0x00007ff9cae8c000 	C:\Windows\SYSTEM32\GLU32.dll
0x00007ff9f0660000 - 0x00007ff9f0775000 	C:\Windows\System32\MSCTF.dll
0x00007ff9efc70000 - 0x00007ff9efd9a000 	C:\Windows\System32\ole32.dll
0x00007ff9ba500000 - 0x00007ff9ba6ce000 	C:\Windows\system32\d3d9.dll
0x00007ff9e6140000 - 0x00007ff9e631b000 	C:\Windows\System32\DriverStore\FileRepository\u0361901.inf_amd64_204a65b18f2a904a\B361909\aticfx64.dll
0x00007ff9dc6c0000 - 0x00007ff9dc6f3000 	C:\Windows\System32\DriverStore\FileRepository\u0361901.inf_amd64_204a65b18f2a904a\B361909\atiu9p64.dll
0x00007ff97cc30000 - 0x00007ff97d942000 	C:\Windows\System32\DriverStore\FileRepository\u0361901.inf_amd64_204a65b18f2a904a\B361909\atiumd64.dll
0x0000000071a00000 - 0x00000000728bc000 	C:\Windows\System32\DriverStore\FileRepository\u0361901.inf_amd64_204a65b18f2a904a\B361909\atiumd6a.dll
0x00007ff9eedd0000 - 0x00007ff9eee1b000 	C:\Windows\SYSTEM32\POWRPROF.dll
0x00007ff9eed90000 - 0x00007ff9eeda2000 	C:\Windows\SYSTEM32\UMPDC.dll
0x00007ff9e4170000 - 0x00007ff9e41a0000 	C:\Windows\SYSTEM32\amdihk64.dll
0x00007ff9e65a0000 - 0x00007ff9e65db000 	C:\Windows\SYSTEM32\dxcore.dll
0x00007ff9ef420000 - 0x00007ff9ef46e000 	C:\Windows\System32\cfgmgr32.dll
0x00007ff9dbee0000 - 0x00007ff9dbf65000 	E:\appdown\java\jdk\bin\freetype.dll
0x00007ff9dacc0000 - 0x00007ff9dad69000 	E:\appdown\java\jdk\bin\fontmanager.dll

dbghelp: loaded successfully - version: 4.0.5 - missing functions: none
symbol engine: initialized successfully - sym options: 0x614 - pdb path: .;E:\appdown\java\jdk\bin;C:\Windows\SYSTEM32;C:\Windows\WinSxS\amd64_microsoft.windows.common-controls_6595b64144ccf1df_6.0.19041.1052_none_60b8f8fd71f5e8cb;E:\appdown\java\jdk\bin\server;C:\Program Files\Bonjour;C:\Windows\System32\DriverStore\FileRepository\u0361901.inf_amd64_204a65b18f2a904a\B361909

VM Arguments:
jvm_args: -javaagent:E:\eclipse\eclipse\configuration\org.eclipse.osgi\479\0\.cp\jacocoagent.jar=includes=*,excludes=,exclclassloader=sun.reflect.DelegatingClassLoader,output=tcpclient,port=53876 -Dfile.encoding=UTF-8 
java_command: antlr.debug.misc.ASTFrame
java_class_path (initial): C:\Users\mfl\eclipse-workspace\fudousan\target\classes;C:\Users\mfl\.m2\repository\org\springframework\boot\spring-boot-starter-data-jpa\2.4.5\spring-boot-starter-data-jpa-2.4.5.jar;C:\Users\mfl\.m2\repository\org\springframework\boot\spring-boot-starter-aop\2.4.5\spring-boot-starter-aop-2.4.5.jar;C:\Users\mfl\.m2\repository\org\springframework\spring-aop\5.3.6\spring-aop-5.3.6.jar;C:\Users\mfl\.m2\repository\org\aspectj\aspectjweaver\1.9.6\aspectjweaver-1.9.6.jar;C:\Users\mfl\.m2\repository\org\springframework\boot\spring-boot-starter-jdbc\2.4.5\spring-boot-starter-jdbc-2.4.5.jar;C:\Users\mfl\.m2\repository\com\zaxxer\HikariCP\3.4.5\HikariCP-3.4.5.jar;C:\Users\mfl\.m2\repository\org\springframework\spring-jdbc\5.3.6\spring-jdbc-5.3.6.jar;C:\Users\mfl\.m2\repository\jakarta\transaction\jakarta.transaction-api\1.3.3\jakarta.transaction-api-1.3.3.jar;C:\Users\mfl\.m2\repository\jakarta\persistence\jakarta.persistence-api\2.2.3\jakarta.persistence-api-2.2.3.jar;C:\Users\mfl\.m2\repository\org\hibernate\hibernate-core\5.4.30.Final\hibernate-core-5.4.30.Final.jar;C:\Users\mfl\.m2\repository\org\jboss\logging\jboss-logging\3.4.1.Final\jboss-logging-3.4.1.Final.jar;C:\Users\mfl\.m2\repository\org\javassist\javassist\3.27.0-GA\javassist-3.27.0-GA.jar;C:\Users\mfl\.m2\repository\net\bytebuddy\byte-buddy\1.10.22\byte-buddy-1.10.22.jar;C:\Users\mfl\.m2\repository\antlr\antlr\2.7.7\antlr-2.7.7.jar;C:\Users\mfl\.m2\repository\org\jboss\jandex\2.2.3.Final\jandex-2.2.3.Final.jar;C:\Users\mfl\.m2\repository\com\fasterxml\classmate\1.5.1\classmate-1.5.1.jar;C:\Users\mfl\.m2\repository\org\dom4j\dom4j\2.1.3\dom4j-2.1.3.jar;C:\Users\mfl\.m2\repository\org\hibernate\common\hibernate-commons-annotations\5.1.2.Final\hibernate-commons-annotations-5.1.2.Final.jar;C:\Users\mfl\.m2\repository\org\glassfish\jaxb\jaxb-runtime\2.3.4\jaxb-runtime-2.3.4.jar;C:\Users\mfl\.m2\repository\org\glassfish\jaxb\txw2\2.3.4\txw2-2.3.4.jar;C:\Users\mfl\.m2\repository\com\sun\ist
Launcher Type: SUN_STANDARD

[Global flags]
     intx CICompilerCount                          = 4                                         {product} {ergonomic}
     uint ConcGCThreads                            = 3                                         {product} {ergonomic}
     uint G1ConcRefinementThreads                  = 10                                        {product} {ergonomic}
   size_t G1HeapRegionSize                         = 2097152                                   {product} {ergonomic}
    uintx GCDrainStackTargetSize                   = 64                                        {product} {ergonomic}
   size_t InitialHeapSize                          = 260046848                                 {product} {ergonomic}
   size_t MarkStackSize                            = 4194304                                   {product} {ergonomic}
   size_t MaxHeapSize                              = 4135583744                                {product} {ergonomic}
   size_t MaxNewSize                               = 2480930816                                {product} {ergonomic}
   size_t MinHeapDeltaBytes                        = 2097152                                   {product} {ergonomic}
   size_t MinHeapSize                              = 8388608                                   {product} {ergonomic}
    uintx NonNMethodCodeHeapSize                   = 5839372                                {pd product} {ergonomic}
    uintx NonProfiledCodeHeapSize                  = 122909434                              {pd product} {ergonomic}
    uintx ProfiledCodeHeapSize                     = 122909434                              {pd product} {ergonomic}
    uintx ReservedCodeCacheSize                    = 251658240                              {pd product} {ergonomic}
     bool SegmentedCodeCache                       = true                                      {product} {ergonomic}
   size_t SoftMaxHeapSize                          = 4135583744                             {manageable} {ergonomic}
     bool UseCompressedClassPointers               = true                                 {lp64_product} {ergonomic}
     bool UseCompressedOops                        = true                                 {lp64_product} {ergonomic}
     bool UseG1GC                                  = true                                      {product} {ergonomic}
     bool UseLargePagesIndividualAllocation        = false                                  {pd product} {ergonomic}

Logging:
Log output configuration:
 #0: stdout all=warning uptime,level,tags
 #1: stderr all=off uptime,level,tags

Environment Variables:
JAVA_HOME=E:\appdown\java\jdk\bin
CLASSPATH=.;E:\appdown\java\jdk\bin\lib\dt.jar;E:\appdown\java\jdk\bin\lib\tools.jar;
PATH=C:\Program Files\Common Files\Oracle\Java\javapath;C:\Program Files (x86)\Common Files\Oracle\Java\javapath;C:\Windows\system32;C:\Windows;C:\Windows\System32\Wbem;C:\Windows\System32\WindowsPowerShell\v1.0\;C:\Windows\System32\OpenSSH\;E:\appdown\java\jdk\bin\bin;E:\appdown\java\jdk\bin\jre\bin;C:\Users\mfl\AppData\Local\Microsoft\WindowsAppsE:\mysql-8.0.23-winx64\bin;C:\Users\mfl\AppData\Local\GitHubDesktop\bin;;E:\Microsoft VS Code\bin
USERNAME=mfl
OS=Windows_NT
PROCESSOR_IDENTIFIER=AMD64 Family 23 Model 96 Stepping 1, AuthenticAMD



---------------  S Y S T E M  ---------------

OS:
 Windows 10 , 64 bit Build 19041 (10.0.19041.1023)
OS uptime: 1 days 2:42 hours

CPU: total 12 (initial active 12) (12 cores per cpu, 2 threads per core) family 23 model 96 stepping 1 microcode 0x0, cmov, cx8, fxsr, mmx, sse, sse2, sse3, ssse3, sse4.1, sse4.2, popcnt, vzeroupper, avx, avx2, aes, clmul, 3dnowpref, lzcnt, sse4a, ht, tsc, tscinvbit, tscinv, bmi1, bmi2, adx, sha, fma, clflush, clflushopt

Memory: 4k page, system-wide physical 15770M (8257M free)
TotalPageFile size 16794M (AvailPageFile size 5747M)
current process WorkingSet (physical memory assigned to process): 99M, peak: 99M
current process commit charge ("private bytes"): 378M, peak: 378M

vm_info: Java HotSpot(TM) 64-Bit Server VM (15.0.1+9-18) for windows-amd64 JRE (15.0.1+9-18), built on Sep 15 2020 14:43:54 by "mach5one" with unknown MS VC++:1925

END.
